Log file open, 07/13/17 23:33:33
LogInit:Display: Running engine for game: GameProject
LogPlatformFile: Not using cached read wrapper
LogInit:Display: RandInit(316177865) SRandInit(316177867).
LogTaskGraph: Started task graph with 4 named threads and 7 total threads with 1 sets of task threads.
LogStats: Stats thread started at 0.073435
LogInit: Version: 4.12.5-3039270+++UE4+Release-4.12
LogInit: API Version: 2992821
LogInit: Net Version: 3039270
LogDevObjectVersion: Number of dev versions registered: 13
LogDevObjectVersion:   Dev-Blueprints (B0D832E4-1F89-4F0D-ACCF-7EB736FD4AA2): 3
LogDevObjectVersion:   Dev-Build (E1C64328-A22C-4D53-A36C-8E866417BD8C): 0
LogDevObjectVersion:   Dev-Core (375EC13C-06E4-48FB-B500-84F0262A717E): 1
LogDevObjectVersion:   Dev-Editor (E4B068ED-F494-42E9-A231-DA0B2E46BB41): 2
LogDevObjectVersion:   Dev-Framework (CFFC743F-43B0-4480-9391-14DF171D2073): 6
LogDevObjectVersion:   Dev-Mobile (B02B49B5-BB20-44E9-A304-32B752E40360): 0
LogDevObjectVersion:   Dev-Networking (A4E4105C-59A1-49B5-A7C5-40C4547EDFEE): 0
LogDevObjectVersion:   Dev-Online (39C831C9-5AE6-47DC-9A44-9C173E1C8E7C): 0
LogDevObjectVersion:   Dev-Physics (78F01B33-EBEA-4F98-B9B4-84EACCB95AA2): 0
LogDevObjectVersion:   Dev-Platform (6631380F-2D4D-43E0-8009-CF276956A95A): 0
LogDevObjectVersion:   Dev-Rendering (12F88B9F-8875-4AFC-A67C-D90C383ABD29): 2
LogDevObjectVersion:   Dev-Sequencer (7B5AE74C-D270-4C10-A958-57980B212A5A): 0
LogDevObjectVersion:   Dev-VR (D7296918-1DD6-4BDD-9DE2-64A83CC13884): 0
LogInit: Compiled (64-bit): Jul  6 2016 09:09:46
LogInit: Compiled with Visual C++: 19.00.23026.00
LogInit: Build Configuration: Development
LogInit: Branch Name: ++UE4+Release-4.12
LogInit: Command line: 
LogInit: Base directory: F:/Program Files (x86)/Epic Games/4.12/Engine/Binaries/Win64/
LogInit: Installed Engine Build: 1
LogInit: Using libcurl 7.41.0
LogInit:  - built for x86_64-pc-win32
LogInit:  - supports SSL with WinSSL
LogInit:  - other features:
LogInit:      CURL_VERSION_SSL
LogInit:      CURL_VERSION_IPV6
LogInit:      CURL_VERSION_ASYNCHDNS
LogInit:      CURL_VERSION_LARGEFILE
LogInit:      CURL_VERSION_IDN
LogInit:  CurlRequestOptions (configurable via config and command line):
LogInit:  - bVerifyPeer = true  - Libcurl will verify peer certificate
LogInit:  - bUseHttpProxy = false  - Libcurl will NOT use HTTP proxy
LogInit:  - bDontReuseConnections = false  - Libcurl will reuse connections
LogInit:  - CertBundlePath = nullptr  - Libcurl will use whatever was configured at build time.
LogInit: Presizing for max 8388607 objects, including 0 objects not considered by GC, pre-allocating 0 bytes for permanent pool.
LogInit: Object subsystem initialized
[2017.07.13-14.33.33:576][  0]LogInit: Selected Device Profile: [Windows]
[2017.07.13-14.33.33:576][  0]LogInit: Applying CVar settings loaded from the selected device profile: [Windows]
[2017.07.13-14.33.33:583][  0]LogInit: Computer: TAIGA-MEGAPC
[2017.07.13-14.33.33:583][  0]LogInit: User: Taiga
[2017.07.13-14.33.33:583][  0]LogInit: CPU Page size=65536, Cores=4
[2017.07.13-14.33.33:583][  0]LogInit: High frequency timer resolution =3.320351 MHz
[2017.07.13-14.33.33:583][  0]LogMemory: Memory total: Physical=15.9GB (16GB approx)
[2017.07.13-14.33.33:583][  0]LogMemory: Platform Memory Stats for Windows
[2017.07.13-14.33.33:583][  0]LogMemory: Process Physical Memory: 191.39 MB used, 191.39 MB peak
[2017.07.13-14.33.33:583][  0]LogMemory: Process Virtual Memory: 196.99 MB used, 196.99 MB peak
[2017.07.13-14.33.33:583][  0]LogMemory: Physical Memory: 5661.29 MB used, 16256.29 MB total
[2017.07.13-14.33.33:583][  0]LogMemory: Virtual Memory: 522.95 MB used, 8388608.00 MB total
[2017.07.13-14.33.33:615][  0]LogTextLocalizationManager: No specific translations for ('en-AU') exist, so ('en') translations will be used.
[2017.07.13-14.33.33:973][  0]LogD3D11RHI: D3D11 adapters:
[2017.07.13-14.33.33:996][  0]LogD3D11RHI:    0. 'NVIDIA GeForce GTX 760' (Feature Level 11_0)
[2017.07.13-14.33.33:996][  0]LogD3D11RHI:       1990/0/7872 MB DedicatedVideo/DedicatedSystem/SharedSystem, Outputs:2, VendorId:0x10de
[2017.07.13-14.33.34:003][  0]LogD3D11RHI:    1. 'Intel(R) HD Graphics 4600' (Feature Level 11_0)
[2017.07.13-14.33.34:003][  0]LogD3D11RHI:       64/0/1632 MB DedicatedVideo/DedicatedSystem/SharedSystem, Outputs:0, VendorId:0x8086
[2017.07.13-14.33.34:003][  0]LogD3D11RHI: Chosen D3D11 Adapter: 0
[2017.07.13-14.33.34:008][  0]LogD3D11RHI: Creating new Direct3DDevice
[2017.07.13-14.33.34:008][  0]LogD3D11RHI:     GPU DeviceId: 0x1187 (for the marketing name, search the web for "GPU Device Id")
[2017.07.13-14.33.34:008][  0]LogWindows: EnumDisplayDevices:
[2017.07.13-14.33.34:009][  0]LogWindows:    0. 'NVIDIA GeForce GTX 760' (P:1 D:1)
[2017.07.13-14.33.34:009][  0]LogWindows:    1. 'NVIDIA GeForce GTX 760' (P:0 D:1)
[2017.07.13-14.33.34:009][  0]LogWindows:    2. 'NVIDIA GeForce GTX 760' (P:0 D:0)
[2017.07.13-14.33.34:010][  0]LogWindows:    3. 'NVIDIA GeForce GTX 760' (P:0 D:0)
[2017.07.13-14.33.34:011][  0]LogWindows:    4. 'Intel(R) HD Graphics 4600' (P:0 D:0)
[2017.07.13-14.33.34:012][  0]LogWindows:    5. 'Intel(R) HD Graphics 4600' (P:0 D:0)
[2017.07.13-14.33.34:013][  0]LogWindows:    6. 'Intel(R) HD Graphics 4600' (P:0 D:0)
[2017.07.13-14.33.34:014][  0]LogWindows:    7. 'RDPDD Chained DD' (P:0 D:0)
[2017.07.13-14.33.34:014][  0]LogWindows:    8. 'RDP Encoder Mirror Driver' (P:0 D:0)
[2017.07.13-14.33.34:014][  0]LogWindows:    9. 'RDP Reflector Display Driver' (P:0 D:0)
[2017.07.13-14.33.34:015][  0]LogWindows: DebugString: PrimaryIsNotTheChoosenAdapter PrimaryIsNotTheChoosenAdapter PrimaryIsNotTheChoosenAdapter GetVideoDriverDetailsInvalid PrimaryIsNotTheChoosenAdapter GetVideoDriverDetailsInvalid PrimaryIsNotTheChoosenAdapter GetVideoDriverDetailsInvalid PrimaryIsNotTheChoosenAdapter FoundDriverCount:4 
[2017.07.13-14.33.34:015][  0]LogD3D11RHI:     Adapter Name: NVIDIA GeForce GTX 760
[2017.07.13-14.33.34:015][  0]LogD3D11RHI:   Driver Version: 378.57 (internal:21.21.13.7857, unified:378.57)
[2017.07.13-14.33.34:015][  0]LogD3D11RHI:      Driver Date: 1-30-2017
[2017.07.13-14.33.34:015][  0]LogRHI: Texture pool is 1361 MB (70% of 1945 MB)
[2017.07.13-14.33.34:022][  0]LogD3D11RHI: Async texture creation enabled
[2017.07.13-14.33.34:036][  0]LogD3D11RHI: GPU Timing Frequency: 1000.000000 (Debug: 2 2)
[2017.07.13-14.33.34:036][  0]LogShaderCompilers: Guid format shader working directory is 22 characters bigger than the processId version (G:/UEProject/GameProject/Intermediate/Shaders/WorkingDirectory/2296/).
[2017.07.13-14.33.34:036][  0]LogShaderCompilers: Cleaned the shader compiler working directory 'C:/Users/Taiga/AppData/Local/Temp/UnrealShaderWorkingDir/6BD648F643BA1F6905242892C88459DA/'.
[2017.07.13-14.33.34:036][  0]LogShaderCompilers:Display: Using Local Shader Compiler.
[2017.07.13-14.33.34:871][  0]LogTemp:Display: Loaded TP AllDesktopTargetPlatform
[2017.07.13-14.33.34:880][  0]LogTemp:Display: Loaded TP WindowsClientTargetPlatform
[2017.07.13-14.33.34:888][  0]LogTemp:Display: Loaded TP WindowsNoEditorTargetPlatform
[2017.07.13-14.33.34:896][  0]LogTemp:Display: Loaded TP WindowsServerTargetPlatform
[2017.07.13-14.33.34:905][  0]LogTemp:Display: Loaded TP WindowsTargetPlatform
[2017.07.13-14.33.34:911][  0]LogTemp:Display: Loaded TP AndroidTargetPlatform
[2017.07.13-14.33.34:920][  0]LogTemp:Display: Loaded TP Android_ASTCTargetPlatform
[2017.07.13-14.33.34:927][  0]LogTemp:Display: Loaded TP Android_ATCTargetPlatform
[2017.07.13-14.33.34:934][  0]LogTemp:Display: Loaded TP Android_DXTTargetPlatform
[2017.07.13-14.33.34:941][  0]LogTemp:Display: Loaded TP Android_ETC1TargetPlatform
[2017.07.13-14.33.34:948][  0]LogTemp:Display: Loaded TP Android_ETC2TargetPlatform
[2017.07.13-14.33.34:962][  0]LogTemp:Display: Loaded TP Android_MultiTargetPlatform
[2017.07.13-14.33.34:962][  0]LogTemp:Display: Loaded TP Android_PVRTCTargetPlatform
[2017.07.13-14.33.34:963][  0]LogTemp:Display: Loaded TP HTML5TargetPlatform
[2017.07.13-14.33.34:983][  0]LogTemp:Display: Loaded TP IOSTargetPlatform
[2017.07.13-14.33.34:989][  0]LogTemp:Display: Loaded TP TVOSTargetPlatform
[2017.07.13-14.33.34:995][  0]LogTemp:Display: Loaded TP LinuxNoEditorTargetPlatform
[2017.07.13-14.33.35:002][  0]LogTemp:Display: Loaded TP LinuxServerTargetPlatform
[2017.07.13-14.33.35:009][  0]LogTemp:Display: Loaded TP LinuxTargetPlatform
[2017.07.13-14.33.35:009][  0]LogTargetPlatformManager:Display: Building Assets For Windows
[2017.07.13-14.33.35:081][  0]LogDerivedDataCache:Display: Max Cache Size: 512 MB
[2017.07.13-14.33.35:123][  0]LogDerivedDataCache: Loaded boot cache 0.04s 48MB C:/Users/Taiga/AppData/Local/UnrealEngine/4.12/DerivedDataCache/Boot.ddc.
[2017.07.13-14.33.35:123][  0]LogDerivedDataCache:Display: Loaded Boot cache: C:/Users/Taiga/AppData/Local/UnrealEngine/4.12/DerivedDataCache/Boot.ddc
[2017.07.13-14.33.35:123][  0]LogDerivedDataCache: FDerivedDataBackendGraph:  Pak pak cache file G:/UEProject/GameProject/DerivedDataCache/DDC.ddp not found, will not use a pak cache.
[2017.07.13-14.33.35:123][  0]LogDerivedDataCache: Unable to find inner node Pak for hierarchical cache Hierarchy.
[2017.07.13-14.33.35:123][  0]LogDerivedDataCache: FDerivedDataBackendGraph:  CompressedPak pak cache file G:/UEProject/GameProject/DerivedDataCache/Compressed.ddp not found, will not use a pak cache.
[2017.07.13-14.33.35:123][  0]LogDerivedDataCache: Unable to find inner node CompressedPak for hierarchical cache Hierarchy.
[2017.07.13-14.33.35:139][  0]LogDerivedDataCache:Display: Pak cache opened for reading ../../../Engine/DerivedDataCache/Compressed.ddp.
[2017.07.13-14.33.35:150][  0]LogDerivedDataCache: Using Local data cache path C:/Users/Taiga/AppData/Local/UnrealEngine/Common/DerivedDataCache: Writable
[2017.07.13-14.33.35:300][  0]LogInit: Selected Device Profile: [Windows]
[2017.07.13-14.33.35:300][  0]LogContentStreaming: Texture pool size is 0.00 MB
[2017.07.13-14.33.35:448][  0]LogMeshUtilities: No automatic mesh reduction module available
[2017.07.13-14.33.35:448][  0]LogMeshUtilities: No automatic mesh merging module available
[2017.07.13-14.33.35:448][  0]LogMeshUtilities: No distributed automatic mesh merging module available
[2017.07.13-14.33.35:660][  0]LogAssetRegistry: FAssetRegistry took 0.0198 seconds to start up
[2017.07.13-14.33.35:686][  0]LogPackageLocalizationCache: Processed 3 localized package path(s) for 2 prioritized culture(s) in 0.022682 seconds
[2017.07.13-14.33.35:690][  0]LogUObjectArray: 28739 objects as part of root set at end of initial load.
[2017.07.13-14.33.35:690][  0]LogUObjectAllocator: 5855624 out of 0 bytes used by permanent object pool.
[2017.07.13-14.33.35:690][  0]LogUObjectArray: CloseDisregardForGC: 0/0 objects in disregard for GC pool
[2017.07.13-14.33.35:698][  0]LogInit: WinSock: version 1.1 (2.2), MaxSocks=32767, MaxUdp=65467
[2017.07.13-14.33.35:849][  0]LogSlate: SlateFontCache - WITH_FREETYPE: 1, WITH_HARFBUZZ: 1
[2017.07.13-14.33.35:849][  0]LogSlate: SlateFontCache - WITH_FREETYPE: 1, WITH_HARFBUZZ: 1
[2017.07.13-14.33.36:423][  0]LogUdpMessaging: Initializing bridge on interface 0.0.0.0:0 to multicast group 230.0.0.1:6666.
[2017.07.13-14.33.36:825][  0]SourceControl: Info Source control is disabled
[2017.07.13-14.33.36:826][  0]SourceControl: Info Source control is disabled
[2017.07.13-14.33.36:834][  0]SourceControl: Info Source control is disabled
[2017.07.13-14.33.36:842][  0]SourceControl: Info Source control is disabled
[2017.07.13-14.33.37:027][  0]LogEngine: Initializing Engine...
[2017.07.13-14.33.37:050][  0]LogHMD: SteamVR failed to initialize.  Err: 126
[2017.07.13-14.33.37:081][  0]LogHMD: SteamVR failed to initialize.  Err: 126
[2017.07.13-14.33.37:206][  0]LogAIModule: Creating AISystem for world NewWorld
[2017.07.13-14.33.37:216][  0]LogInit: XAudio2 using 'スピーカー (Logicool G633 Gaming Headset)' : 2 channels at 44.1 kHz using 16 bits per sample (channel mask 0x3)
[2017.07.13-14.33.37:234][  0]LogInit: FAudioDevice initialized.
[2017.07.13-14.33.37:262][  0]LogDerivedDataCache: Saved boot cache 0.03s 48MB C:/Users/Taiga/AppData/Local/UnrealEngine/4.12/DerivedDataCache/Boot.ddc.
[2017.07.13-14.33.37:268][  0]LogInit: Texture streaming: Enabled
[2017.07.13-14.33.37:291][  0]LogInit: Transaction tracking system initialized
[2017.07.13-14.33.37:320][  0]BlueprintLog: New page: Editor Load
[2017.07.13-14.33.37:666][  0]LocalizationService: Info Localization service is disabled
[2017.07.13-14.33.37:749][  0]LogConsoleResponse:Display: 
[2017.07.13-14.33.37:960][  0]LogFileCache: Scanning file cache for directory 'G:/UEProject/GameProject/Content/' took 0.01s
[2017.07.13-14.33.37:960][  0]LogCook:Display: Max memory allowance for cook 8192mb
[2017.07.13-14.33.37:960][  0]LogCook:Display: Mobile HDR setting 1
[2017.07.13-14.33.38:053][  0]SourceControl: Info Source control is disabled
[2017.07.13-14.33.38:053][  0]Cmd: MAP LOAD FILE="G:/UEProject/GameProject/Content/FirstPersonBP/Maps/FirstPersonExampleMap.umap" TEMPLATE=0 SHOWPROGRESS=1 FEATURELEVEL=3
[2017.07.13-14.33.38:057][  0]LightingResults: New page: Lighting Build
[2017.07.13-14.33.38:060][  0]MapCheck: New page: Map Check
[2017.07.13-14.33.38:060][  0]LightingResults: New page: Lighting Build
[2017.07.13-14.33.39:770][  0]LogTexture:Display: Building textures: FirstPersonCrosshair (AutoDXT)
[2017.07.13-14.33.40:790][  0]LogTexture:Display: Building textures: T_ML_Aluminum01_N (BC5)
[2017.07.13-14.33.41:271][  0]LogTexture:Display: Building textures: T_ML_Aluminum01 (AutoDXT)
[2017.07.13-14.33.43:753][  0]LogTexture:Display: Building textures: T_FPGun_N (BC5)
[2017.07.13-14.33.44:072][  0]LogTexture:Display: Building textures: T_FPGun_M (AutoDXT)
[2017.07.13-14.33.44:558][  0]LogTexture:Display: Building textures: T_ML_Aluminum01_N (BC5)
[2017.07.13-14.33.44:980][  0]LogTexture:Display: Building textures: T_ML_Aluminum01 (AutoDXT)
[2017.07.13-14.33.47:024][  0]LogTexture:Display: Building textures: T_ML_Rubber_Blue_01_N (BC5)
[2017.07.13-14.33.47:448][  0]LogTexture:Display: Building textures: T_ML_Rubber_Blue_01_D (AutoDXT)
[2017.07.13-14.33.49:384][  0]LogTexture:Display: Building textures: UE4_Mannequin_MAT_MASKA (AutoDXT)
[2017.07.13-14.33.49:587][  0]LogTexture:Display: Building textures: UE4_Mannequin__normals (BC5)
[2017.07.13-14.33.49:875][  0]LogTexture:Display: Building textures: UE4_LOGO_CARD (AutoDXT)
[2017.07.13-14.33.50:045][  0]LogTexture:Display: Building textures: T_ML_Rubber_Blue_01_N (BC5)
[2017.07.13-14.33.50:462][  0]LogTexture:Display: Building textures: T_ML_Rubber_Blue_01_D (AutoDXT)
[2017.07.13-14.33.52:651][  0]LogTexture:Display: Building textures: HQ_Lightmap1_1 (AutoDXT)
[2017.07.13-14.33.52:933][  0]LogTexture:Display: Building textures: HQ_Lightmap1_2 (AutoDXT)
[2017.07.13-14.33.53:191][  0]LogTexture:Display: Building textures: HQ_Lightmap1_3 (AutoDXT)
[2017.07.13-14.33.53:457][  0]LogTexture:Display: Building textures: HQ_Lightmap1_4 (AutoDXT)
[2017.07.13-14.33.53:694][  0]LogTexture:Display: Building textures: HQ_Lightmap1_5 (AutoDXT)
[2017.07.13-14.33.54:100][  0]LogTexture:Display: Building textures: HQ_Lightmap1_6 (AutoDXT)
[2017.07.13-14.33.54:485][  0]LogTexture:Display: Building textures: HQ_Lightmap1_7 (AutoDXT)
[2017.07.13-14.33.54:718][  0]LogTexture:Display: Building textures: HQ_Lightmap1_8 (AutoDXT)
[2017.07.13-14.33.54:750][  0]LogTexture:Display: Building textures: LQ_Lightmap_1_1 (DXT1)
[2017.07.13-14.33.54:916][  0]LogTexture:Display: Building textures: LQ_Lightmap_1_2 (DXT1)
[2017.07.13-14.33.55:090][  0]LogTexture:Display: Building textures: LQ_Lightmap_1_3 (DXT1)
[2017.07.13-14.33.55:276][  0]LogTexture:Display: Building textures: LQ_Lightmap_1_4 (DXT1)
[2017.07.13-14.33.55:451][  0]LogTexture:Display: Building textures: LQ_Lightmap_1_5 (DXT1)
[2017.07.13-14.33.55:655][  0]LogTexture:Display: Building textures: LQ_Lightmap_1_6 (DXT1)
[2017.07.13-14.33.55:851][  0]LogTexture:Display: Building textures: LQ_Lightmap_1_7 (DXT1)
[2017.07.13-14.33.56:005][  0]LogTexture:Display: Building textures: LQ_Lightmap_1_8 (DXT1)
[2017.07.13-14.33.56:009][  0]LogTexture:Display: Building textures: SkyOcclusion0_8 (AutoDXT)
[2017.07.13-14.33.56:026][  0]LogTexture:Display: Building textures: SkyOcclusion1_1 (AutoDXT)
[2017.07.13-14.33.56:168][  0]LogTexture:Display: Building textures: SkyOcclusion1_2 (AutoDXT)
[2017.07.13-14.33.56:317][  0]LogTexture:Display: Building textures: SkyOcclusion1_3 (AutoDXT)
[2017.07.13-14.33.56:448][  0]LogTexture:Display: Building textures: SkyOcclusion1_4 (AutoDXT)
[2017.07.13-14.33.56:562][  0]LogTexture:Display: Building textures: SkyOcclusion1_5 (AutoDXT)
[2017.07.13-14.33.56:719][  0]LogTexture:Display: Building textures: SkyOcclusion1_6 (AutoDXT)
[2017.07.13-14.33.56:875][  0]LogTexture:Display: Building textures: SkyOcclusion1_7 (AutoDXT)
[2017.07.13-14.33.57:004][  0]LogTexture:Display: Building textures: ShadowMapTexture2D_10 (G8)
[2017.07.13-14.33.57:067][  0]LogTexture:Display: Building textures: ShadowMapTexture2D_11 (G8)
[2017.07.13-14.33.57:127][  0]LogTexture:Display: Building textures: ShadowMapTexture2D_12 (G8)
[2017.07.13-14.33.57:191][  0]LogTexture:Display: Building textures: ShadowMapTexture2D_13 (G8)
[2017.07.13-14.33.57:253][  0]LogTexture:Display: Building textures: ShadowMapTexture2D_14 (G8)
[2017.07.13-14.33.57:305][  0]LogTexture:Display: Building textures: ShadowMapTexture2D_15 (G8)
[2017.07.13-14.33.57:311][  0]LogTexture:Display: Building textures: ShadowMapTexture2D_7 (G8)
[2017.07.13-14.33.57:371][  0]LogTexture:Display: Building textures: ShadowMapTexture2D_9 (G8)
[2017.07.13-14.33.57:459][  0]LogAIModule: Creating AISystem for world FirstPersonExampleMap
[2017.07.13-14.33.57:604][  0]LogEditorServer: Finished looking for orphan Actors (0.000 secs)
[2017.07.13-14.33.57:611][  0]Cmd: MAP CHECKDEP NOCLEARLOG
[2017.07.13-14.33.57:650][  0]MapCheck: Info Map check complete: 0 Error(s), 0 Warning(s), took 38.944ms to complete.
[2017.07.13-14.33.57:650][  0]LogFileHelpers: Loading map 'FirstPersonExampleMap' took 19.596
[2017.07.13-14.33.59:120][  0]LogCollectionManager: Loaded 0 collections in 0.006754 seconds
[2017.07.13-14.33.59:502][  0]LogFileCache: Scanning file cache for directory 'G:/UEProject/GameProject/Saved/Collections/' took 0.01s
[2017.07.13-14.33.59:502][  0]LogFileCache: Scanning file cache for directory 'G:/UEProject/GameProject/Content/Developers/Taiga/Collections/' took 0.01s
[2017.07.13-14.33.59:502][  0]LogFileCache: Scanning file cache for directory 'G:/UEProject/GameProject/Content/Collections/' took 0.01s
[2017.07.13-14.33.59:502][  0]LogCollectionManager: Rebuilt the GUID cache for 0 collections in 0.000004 seconds
[2017.07.13-14.33.59:554][  0]LogContentBrowser: Native class hierarchy populated in 0.0169 seconds. Added 2047 classes and 369 folders.
[2017.07.13-14.33.59:644][  0]LogStats: UGameplayTagsManager::ConstructGameplayTagTree: Construct from data asset -  0.000 s
[2017.07.13-14.33.59:644][  0]LogStats: UGameplayTagsManager::ConstructGameplayTagTree: GameplayTagTreeChangedEvent.Broadcast -  0.000 s
[2017.07.13-14.33.59:645][  0]LogContentBrowser: Native class hierarchy updated for 'GameplayTags' in 0.0010 seconds. Added 12 classes and 0 folders.
[2017.07.13-14.33.59:668][  0]LogContentBrowser: Native class hierarchy updated for 'WidgetCarousel' in 0.0004 seconds. Added 0 classes and 0 folders.
[2017.07.13-14.33.59:701][  0]LogContentBrowser: Native class hierarchy updated for 'AddContentDialog' in 0.0004 seconds. Added 0 classes and 0 folders.
[2017.07.13-14.33.59:786][  0]LogContentBrowser: Native class hierarchy updated for 'SceneOutliner' in 0.0004 seconds. Added 1 classes and 2 folders.
[2017.07.13-14.34.00:020][  0]LogCrashTracker: Crashtracker disabled due to settings.
[2017.07.13-14.34.00:096][  0]LogUObjectGlobals:Warning: Failed to find object 'Class None.'
[2017.07.13-14.34.00:144][  0]LogContentBrowser: Native class hierarchy updated for 'HierarchicalLODOutliner' in 0.0016 seconds. Added 1 classes and 2 folders.
[2017.07.13-14.34.00:144][  0]LogLoad: Full Startup: 27.19 seconds (BP compile: 1.33 seconds)
[2017.07.13-14.34.00:145][  0]LogExternalProfiler: No external profilers were discovered.  External profiling features will not be available.
[2017.07.13-14.34.00:158][  0]LogOcInput: OculusInput pre-init called
[2017.07.13-14.34.00:248][  0]LogContentStreaming: Texture pool size now 1000 MB
[2017.07.13-14.34.01:542][  0]LogRenderer: Reallocating scene render targets to support 1208x600 (Frame:2).
[2017.07.13-14.34.02:001][  2]LogAssetRegistry: Asset discovery search completed in 26.3608 seconds
[2017.07.13-14.34.02:002][  2]LogCollectionManager: Rebuilt the object cache for 0 collections in 0.000002 seconds (found 0 objects)
[2017.07.13-14.34.02:002][  2]LogCollectionManager: Fixed up redirectors for 0 collections in 0.000042 seconds (updated 0 objects)
[2017.07.13-14.35.14:049][131]SourceControl:Error: Error Failed to enable Git source control. You need to initialize the project as a Git repository first.
[2017.07.13-14.35.23:644][952]SourceControl: Info Source control is disabled
[2017.07.13-14.36.20:873][ 57]Cmd: QUIT_EDITOR
[2017.07.13-14.36.20:917][ 57]LogExit: Preparing to exit.
[2017.07.13-14.36.21:574][ 57]LogExit: Editor shut down
[2017.07.13-14.36.21:574][ 57]LogExit: Transaction tracking system shut down
[2017.07.13-14.36.21:709][ 57]LogObj: Freed 0b from 0 cluster array pools.
[2017.07.13-14.36.21:709][ 57]LogExit: Object subsystem successfully closed.
[2017.07.13-14.36.21:749][ 57]LogD3D11RHI: Shutdown
[2017.07.13-14.36.21:749][ 57]LogD3D11RHI: CleanupD3DDevice
[2017.07.13-14.36.21:793][ 57]LogD3D11RHI: ~FD3D11DynamicRHI
[2017.07.13-14.36.21:806][ 57]LogModuleManager: Shutting down and abandoning module ExternalImagePicker (214)
[2017.07.13-14.36.21:806][ 57]LogModuleManager: Shutting down and abandoning module HierarchicalLODOutliner (213)
[2017.07.13-14.36.21:806][ 57]LogModuleManager: Shutting down and abandoning module CrashTracker (212)
[2017.07.13-14.36.21:806][ 57]LogModuleManager: Shutting down and abandoning module SceneOutliner (211)
[2017.07.13-14.36.21:806][ 57]LogModuleManager: Shutting down and abandoning module WidgetCarousel (210)
[2017.07.13-14.36.21:806][ 57]LogModuleManager: Shutting down and abandoning module AddContentDialog (209)
[2017.07.13-14.36.21:807][ 57]LogModuleManager: Shutting down and abandoning module GameplayTags (208)
[2017.07.13-14.36.21:807][ 57]LogModuleManager: Shutting down and abandoning module EditorWidgets (207)
[2017.07.13-14.36.21:807][ 57]LogModuleManager: Shutting down and abandoning module CollectionManager (206)
[2017.07.13-14.36.21:807][ 57]LogModuleManager: Shutting down and abandoning module StatsViewer (205)
[2017.07.13-14.36.21:807][ 57]LogModuleManager: Shutting down and abandoning module FoliageEdit (204)
[2017.07.13-14.36.21:807][ 57]LogModuleManager: Shutting down and abandoning module LandscapeEditor (203)
[2017.07.13-14.36.21:807][ 57]LogModuleManager: Shutting down and abandoning module SceneDepthPickerMode (202)
[2017.07.13-14.36.21:807][ 57]LogModuleManager: Shutting down and abandoning module ActorPickerMode (201)
[2017.07.13-14.36.21:807][ 57]LogModuleManager: Shutting down and abandoning module GeometryMode (200)
[2017.07.13-14.36.21:807][ 57]LogModuleManager: Shutting down and abandoning module TextureAlignMode (199)
[2017.07.13-14.36.21:807][ 57]LogModuleManager: Shutting down and abandoning module BspMode (198)
[2017.07.13-14.36.21:807][ 57]LogModuleManager: Shutting down and abandoning module HardwareSurvey (197)
[2017.07.13-14.36.21:807][ 57]LogModuleManager: Shutting down and abandoning module SequenceRecorderSections (196)
[2017.07.13-14.36.21:807][ 57]LogModuleManager: Shutting down and abandoning module SequenceRecorder (195)
[2017.07.13-14.36.21:808][ 57]LogModuleManager: Shutting down and abandoning module AutomationWorker (194)
[2017.07.13-14.36.21:808][ 57]LogModuleManager: Shutting down and abandoning module MatineeToLevelSequence (193)
[2017.07.13-14.36.21:808][ 57]LogModuleManager: Shutting down and abandoning module PlacementMode (192)
[2017.07.13-14.36.21:808][ 57]LogModuleManager: Shutting down and abandoning module LevelSequenceEditor (191)
[2017.07.13-14.36.21:808][ 57]LogModuleManager: Shutting down and abandoning module CharacterAI (190)
[2017.07.13-14.36.21:808][ 57]LogModuleManager: Shutting down and abandoning module SmartSnapping (189)
[2017.07.13-14.36.21:808][ 57]LogModuleManager: Shutting down and abandoning module SessionServices (188)
[2017.07.13-14.36.21:808][ 57]LogModuleManager: Shutting down and abandoning module ViewportSnapping (187)
[2017.07.13-14.36.21:808][ 57]LogModuleManager: Shutting down and abandoning module LogVisualizer (186)
[2017.07.13-14.36.21:808][ 57]LogModuleManager: Shutting down and abandoning module GameProjectGeneration (185)
[2017.07.13-14.36.21:808][ 57]LogModuleManager: Shutting down and abandoning module IntroTutorials (184)
[2017.07.13-14.36.21:808][ 57]LogModuleManager: Shutting down and abandoning module EditorLiveStreaming (183)
[2017.07.13-14.36.21:808][ 57]LogModuleManager: Shutting down and abandoning module IOSPlatformEditor (182)
[2017.07.13-14.36.21:808][ 57]LogModuleManager: Shutting down and abandoning module HTML5PlatformEditor (181)
[2017.07.13-14.36.21:808][ 57]LogModuleManager: Shutting down and abandoning module AndroidDeviceDetection (180)
[2017.07.13-14.36.22:724][ 57]LogModuleManager: Shutting down and abandoning module AndroidPlatformEditor (179)
[2017.07.13-14.36.22:724][ 57]LogModuleManager: Shutting down and abandoning module IOSRuntimeSettings (178)
[2017.07.13-14.36.22:725][ 57]LogModuleManager: Shutting down and abandoning module AndroidRuntimeSettings (177)
[2017.07.13-14.36.22:725][ 57]LogModuleManager: Shutting down and abandoning module MergeActors (176)
[2017.07.13-14.36.22:725][ 57]LogModuleManager: Shutting down and abandoning module SizeMap (175)
[2017.07.13-14.36.22:725][ 57]LogModuleManager: Shutting down and abandoning module TreeMap (174)
[2017.07.13-14.36.22:725][ 57]LogModuleManager: Shutting down and abandoning module ReferenceViewer (173)
[2017.07.13-14.36.22:725][ 57]LogModuleManager: Shutting down and abandoning module LocalizationService (172)
[2017.07.13-14.36.22:725][ 57]LogModuleManager: Shutting down and abandoning module LocalizationDashboard (171)
[2017.07.13-14.36.22:725][ 57]LogModuleManager: Shutting down and abandoning module HardwareTargeting (170)
[2017.07.13-14.36.22:725][ 57]LogModuleManager: Shutting down and abandoning module DeviceProfileEditor (169)
[2017.07.13-14.36.22:725][ 57]LogModuleManager: Shutting down and abandoning module UndoHistory (168)
[2017.07.13-14.36.22:725][ 57]LogModuleManager: Shutting down and abandoning module UserFeedback (167)
[2017.07.13-14.36.22:725][ 57]LogModuleManager: Shutting down and abandoning module XmlParser (166)
[2017.07.13-14.36.22:725][ 57]LogModuleManager: Shutting down and abandoning module Blutility (165)
[2017.07.13-14.36.22:725][ 57]LogModuleManager: Shutting down and abandoning module ProjectTargetPlatformEditor (164)
[2017.07.13-14.36.22:725][ 57]LogModuleManager: Shutting down and abandoning module ProjectSettingsViewer (163)
[2017.07.13-14.36.22:726][ 57]LogModuleManager: Shutting down and abandoning module InputBindingEditor (162)
[2017.07.13-14.36.22:726][ 57]LogModuleManager: Shutting down and abandoning module EditorSettingsViewer (161)
[2017.07.13-14.36.22:726][ 57]LogModuleManager: Shutting down and abandoning module SettingsEditor (160)
[2017.07.13-14.36.22:726][ 57]LogModuleManager: Shutting down and abandoning module ProjectLauncher (159)
[2017.07.13-14.36.22:726][ 57]LogModuleManager: Shutting down and abandoning module SessionFrontend (158)
[2017.07.13-14.36.22:726][ 57]LogModuleManager: Shutting down and abandoning module ProfilerClient (157)
[2017.07.13-14.36.22:726][ 57]LogModuleManager: Shutting down and abandoning module TargetDeviceServices (156)
[2017.07.13-14.36.22:726][ 57]LogModuleManager: Shutting down and abandoning module DeviceManager (155)
[2017.07.13-14.36.22:766][ 57]LogModuleManager: Shutting down and abandoning module AutomationController (154)
[2017.07.13-14.36.22:766][ 57]LogModuleManager: Shutting down and abandoning module AutomationWindow (153)
[2017.07.13-14.36.22:766][ 57]LogModuleManager: Shutting down and abandoning module Layers (152)
[2017.07.13-14.36.22:766][ 57]LogModuleManager: Shutting down and abandoning module ComponentVisualizers (151)
[2017.07.13-14.36.22:766][ 57]LogModuleManager: Shutting down and abandoning module DetailCustomizations (150)
[2017.07.13-14.36.22:766][ 57]LogModuleManager: Shutting down and abandoning module PackagesDialog (149)
[2017.07.13-14.36.22:766][ 57]LogModuleManager: Shutting down and abandoning module Persona (148)
[2017.07.13-14.36.22:766][ 57]LogModuleManager: Shutting down and abandoning module Kismet (147)
[2017.07.13-14.36.22:766][ 57]LogModuleManager: Shutting down and abandoning module GraphEditor (146)
[2017.07.13-14.36.22:766][ 57]LogModuleManager: Shutting down and abandoning module ClassViewer (145)
[2017.07.13-14.36.22:766][ 57]LogModuleManager: Shutting down and abandoning module Toolbox (144)
[2017.07.13-14.36.22:766][ 57]LogModuleManager: Shutting down and abandoning module ModuleUI (143)
[2017.07.13-14.36.22:766][ 57]LogModuleManager: Shutting down and abandoning module MovieSceneTools (142)
[2017.07.13-14.36.22:766][ 57]LogModuleManager: Shutting down and abandoning module OutputLog (141)
[2017.07.13-14.36.22:766][ 57]LogModuleManager: Shutting down and abandoning module GammaUI (140)
[2017.07.13-14.36.22:766][ 57]LogModuleManager: Shutting down and abandoning module Documentation (139)
[2017.07.13-14.36.22:766][ 57]LogModuleManager: Shutting down and abandoning module StreamingPauseRendering (138)
[2017.07.13-14.36.22:766][ 57]LogModuleManager: Shutting down and abandoning module AnalyticsET (137)
[2017.07.13-14.36.22:766][ 57]LogModuleManager: Shutting down and abandoning module Analytics (136)
[2017.07.13-14.36.22:766][ 57]LogModuleManager: Shutting down and abandoning module PortalServices (135)
[2017.07.13-14.36.22:766][ 57]LogModuleManager: Shutting down and abandoning module PortalRpc (134)
[2017.07.13-14.36.22:766][ 57]LogModuleManager: Shutting down and abandoning module MessagingRpc (133)
[2017.07.13-14.36.22:766][ 57]LogModuleManager: Shutting down and abandoning module GameplayDebugger (132)
[2017.07.13-14.36.22:766][ 57]LogModuleManager: Shutting down and abandoning module AITestSuite (131)
[2017.07.13-14.36.22:766][ 57]LogModuleManager: Shutting down and abandoning module AIModule (130)
[2017.07.13-14.36.22:766][ 57]LogModuleManager: Shutting down and abandoning module ProfilerService (129)
[2017.07.13-14.36.22:796][ 57]LogModuleManager: Shutting down and abandoning module TaskGraph (128)
[2017.07.13-14.36.22:796][ 57]LogModuleManager: Shutting down and abandoning module SlateRemote (127)
[2017.07.13-14.36.22:796][ 57]LogModuleManager: Shutting down and abandoning module SteamVRController (126)
[2017.07.13-14.36.22:796][ 57]LogModuleManager: Shutting down and abandoning module SteamVR (125)
[2017.07.13-14.36.22:796][ 57]LogModuleManager: Shutting down and abandoning module ProceduralMeshComponent (124)
[2017.07.13-14.36.22:796][ 57]LogModuleManager: Shutting down and abandoning module OculusLibrary (123)
[2017.07.13-14.36.22:796][ 57]LogModuleManager: Shutting down and abandoning module OculusInput (122)
[2017.07.13-14.36.22:796][ 57]LogModuleManager: Shutting down and abandoning module CustomMeshComponent (121)
[2017.07.13-14.36.22:796][ 57]LogModuleManager: Shutting down and abandoning module CableComponent (120)
[2017.07.13-14.36.22:796][ 57]LogModuleManager: Shutting down and abandoning module ArchVisCharacter (119)
[2017.07.13-14.36.22:796][ 57]LogModuleManager: Shutting down and abandoning module MediaPlayerEditor (118)
[2017.07.13-14.36.22:796][ 57]LogModuleManager: Shutting down and abandoning module HTML5Networking (117)
[2017.07.13-14.36.22:796][ 57]LogModuleManager: Shutting down and abandoning module SuperSearch (116)
[2017.07.13-14.36.22:796][ 57]LogModuleManager: Shutting down and abandoning module SuperSearchEditor (115)
[2017.07.13-14.36.22:796][ 57]LogModuleManager: Shutting down and abandoning module SpeedTreeImporter (114)
[2017.07.13-14.36.22:796][ 57]LogModuleManager: Shutting down and abandoning module PluginBrowser (113)
[2017.07.13-14.36.22:796][ 57]LogModuleManager: Shutting down and abandoning module EpicSurvey (112)
[2017.07.13-14.36.22:796][ 57]LogModuleManager: Shutting down and abandoning module DesktopPlatform (111)
[2017.07.13-14.36.22:797][ 57]LogModuleManager: Shutting down and abandoning module VisualStudioSourceCodeAccess (110)
[2017.07.13-14.36.22:797][ 57]LogModuleManager: Shutting down and abandoning module UObjectPlugin (109)
[2017.07.13-14.36.22:797][ 57]LogModuleManager: Shutting down and abandoning module SubversionSourceControl (108)
[2017.07.13-14.36.22:797][ 57]LogModuleManager: Shutting down and abandoning module PerforceSourceControl (107)
[2017.07.13-14.36.22:797][ 57]LogModuleManager: Shutting down and abandoning module SourceControl (106)
[2017.07.13-14.36.22:797][ 57]LogModuleManager: Shutting down and abandoning module GitSourceControl (105)
[2017.07.13-14.36.22:797][ 57]LogModuleManager: Shutting down and abandoning module LightPropagationVolumeEditor (104)
[2017.07.13-14.36.22:797][ 57]LogModuleManager: Shutting down and abandoning module PaperTiledImporter (103)
[2017.07.13-14.36.22:797][ 57]LogModuleManager: Shutting down and abandoning module PaperSpriteSheetImporter (102)
[2017.07.13-14.36.22:797][ 57]LogModuleManager: Shutting down and abandoning module MeshPaint (101)
[2017.07.13-14.36.22:797][ 57]LogModuleManager: Shutting down and abandoning module PixelInspectorModule (100)
[2017.07.13-14.36.22:797][ 57]LogModuleManager: Shutting down and abandoning module HotReload (99)
[2017.07.13-14.36.22:798][ 57]LogModuleManager: Shutting down and abandoning module MainFrame (98)
[2017.07.13-14.36.22:798][ 57]LogModuleManager: Shutting down and abandoning module LevelEditor (97)
[2017.07.13-14.36.22:799][ 57]LogModuleManager: Shutting down and abandoning module ContentBrowser (96)
[2017.07.13-14.36.22:800][ 57]LogModuleManager: Shutting down and abandoning module Paper2DEditor (95)
[2017.07.13-14.36.22:800][ 57]LogModuleManager: Shutting down and abandoning module UdpMessaging (94)
[2017.07.13-14.36.22:900][ 57]LogModuleManager: Shutting down and abandoning module LightPropagationVolumeRuntime (93)
[2017.07.13-14.36.22:900][ 57]LogModuleManager: Shutting down and abandoning module Paper2D (92)
[2017.07.13-14.36.22:900][ 57]LogModuleManager: Shutting down and abandoning module WindowsMoviePlayer (91)
[2017.07.13-14.36.22:900][ 57]LogModuleManager: Shutting down and abandoning module Media (90)
[2017.07.13-14.36.22:900][ 57]LogModuleManager: Shutting down and abandoning module WmfMedia (89)
[2017.07.13-14.36.22:900][ 57]LogModuleManager: Shutting down and abandoning module MediaAssets (88)
[2017.07.13-14.36.22:900][ 57]LogModuleManager: Shutting down and abandoning module GameLiveStreaming (87)
[2017.07.13-14.36.22:900][ 57]LogModuleManager: Shutting down and abandoning module GameplayTagsEditor (86)
[2017.07.13-14.36.22:900][ 57]LogModuleManager: Shutting down and abandoning module OnlineBlueprintSupport (85)
[2017.07.13-14.36.22:900][ 57]LogModuleManager: Shutting down and abandoning module VREditor (84)
[2017.07.13-14.36.22:900][ 57]LogModuleManager: Shutting down and abandoning module GameplayTasksEditor (83)
[2017.07.13-14.36.22:900][ 57]LogModuleManager: Shutting down and abandoning module PropertyEditor (82)
[2017.07.13-14.36.22:900][ 57]LogModuleManager: Shutting down and abandoning module BehaviorTreeEditor (81)
[2017.07.13-14.36.22:900][ 57]LogModuleManager: Shutting down and abandoning module FunctionalTesting (80)
[2017.07.13-14.36.22:900][ 57]LogModuleManager: Shutting down and abandoning module CollisionAnalyzer (79)
[2017.07.13-14.36.22:901][ 57]LogModuleManager: Shutting down and abandoning module Sequencer (78)
[2017.07.13-14.36.22:901][ 57]LogModuleManager: Shutting down and abandoning module WorkspaceMenuStructure (77)
[2017.07.13-14.36.22:901][ 57]LogModuleManager: Shutting down and abandoning module MessageLog (76)
[2017.07.13-14.36.22:901][ 57]LogModuleManager: Shutting down and abandoning module AssetTools (75)
[2017.07.13-14.36.22:901][ 57]LogModuleManager: Shutting down and abandoning module UMGEditor (74)
[2017.07.13-14.36.22:901][ 57]LogModuleManager: Shutting down and abandoning module UMG (73)
[2017.07.13-14.36.22:901][ 57]LogModuleManager: Shutting down and abandoning module SlateReflector (72)
[2017.07.13-14.36.22:901][ 57]LogModuleManager: Shutting down and abandoning module Slate (71)
[2017.07.13-14.36.22:901][ 57]LogModuleManager: Shutting down and abandoning module EditorStyle (70)
[2017.07.13-14.36.22:904][ 57]LogModuleManager: Shutting down and abandoning module SourceCodeAccess (69)
[2017.07.13-14.36.22:905][ 57]LogModuleManager: Shutting down and abandoning module HeadMountedDisplay (68)
[2017.07.13-14.36.22:905][ 57]LogModuleManager: Shutting down and abandoning module XAudio2 (67)
[2017.07.13-14.36.22:905][ 57]LogModuleManager: Shutting down and abandoning module Networking (65)
[2017.07.13-14.36.22:905][ 57]LogModuleManager: Shutting down and abandoning module Core (64)
[2017.07.13-14.36.22:905][ 57]LogModuleManager: Shutting down and abandoning module DirectoryWatcher (63)
[2017.07.13-14.36.22:905][ 57]LogModuleManager: Shutting down and abandoning module AssetRegistry (62)
[2017.07.13-14.36.23:234][ 57]LogModuleManager: Shutting down and abandoning module KismetCompiler (61)
[2017.07.13-14.36.23:234][ 57]LogModuleManager: Shutting down and abandoning module PhysXFormats (60)
[2017.07.13-14.36.23:234][ 57]LogModuleManager: Shutting down and abandoning module MeshUtilities (59)
[2017.07.13-14.36.23:234][ 57]LogModuleManager: Shutting down and abandoning module DerivedDataCache (58)
[2017.07.13-14.36.23:242][ 57]LogDerivedDataCache: Shutdown
[2017.07.13-14.36.23:242][ 57]LogModuleManager: Shutting down and abandoning module VulkanShaderFormat (57)
[2017.07.13-14.36.23:242][ 57]LogModuleManager: Shutting down and abandoning module ShaderFormatOpenGL (56)
[2017.07.13-14.36.23:242][ 57]LogModuleManager: Shutting down and abandoning module ShaderFormatD3D (55)
[2017.07.13-14.36.23:242][ 57]LogModuleManager: Shutting down and abandoning module MetalShaderFormat (54)
[2017.07.13-14.36.23:242][ 57]LogModuleManager: Shutting down and abandoning module TextureFormatUncompressed (53)
[2017.07.13-14.36.23:242][ 57]LogModuleManager: Shutting down and abandoning module TextureFormatPVR (52)
[2017.07.13-14.36.23:242][ 57]LogModuleManager: Shutting down and abandoning module TextureFormatIntelISPCTexComp (51)
[2017.07.13-14.36.23:242][ 57]LogModuleManager: Shutting down and abandoning module TextureFormatDXT (50)
[2017.07.13-14.36.23:242][ 57]LogModuleManager: Shutting down and abandoning module ImageWrapper (49)
[2017.07.13-14.36.23:242][ 57]LogModuleManager: Shutting down and abandoning module TextureFormatASTC (48)
[2017.07.13-14.36.23:242][ 57]LogModuleManager: Shutting down and abandoning module TextureFormatAndroid (47)
[2017.07.13-14.36.23:242][ 57]LogModuleManager: Shutting down and abandoning module AudioFormatOpus (46)
[2017.07.13-14.36.23:242][ 57]LogModuleManager: Shutting down and abandoning module AudioFormatOgg (45)
[2017.07.13-14.36.23:242][ 57]LogModuleManager: Shutting down and abandoning module AudioFormatADPCM (44)
[2017.07.13-14.36.23:242][ 57]LogModuleManager: Shutting down and abandoning module LinuxTargetPlatform (43)
[2017.07.13-14.36.23:242][ 57]LogModuleManager: Shutting down and abandoning module LinuxServerTargetPlatform (42)
[2017.07.13-14.36.23:242][ 57]LogModuleManager: Shutting down and abandoning module LinuxNoEditorTargetPlatform (41)
[2017.07.13-14.36.23:242][ 57]LogModuleManager: Shutting down and abandoning module TVOSTargetPlatform (40)
[2017.07.13-14.36.23:242][ 57]LogModuleManager: Shutting down and abandoning module Messaging (39)
[2017.07.13-14.36.23:242][ 57]LogModuleManager: Shutting down and abandoning module IOSTargetPlatform (38)
[2017.07.13-14.36.23:242][ 57]LogModuleManager: Shutting down and abandoning module HTML5TargetPlatform (37)
[2017.07.13-14.36.23:242][ 57]LogModuleManager: Shutting down and abandoning module Android_PVRTCTargetPlatform (36)
[2017.07.13-14.36.23:242][ 57]LogModuleManager: Shutting down and abandoning module Android_MultiTargetPlatform (35)
[2017.07.13-14.36.23:242][ 57]LogModuleManager: Shutting down and abandoning module Android_ETC2TargetPlatform (34)
[2017.07.13-14.36.23:242][ 57]LogModuleManager: Shutting down and abandoning module Android_ETC1TargetPlatform (33)
[2017.07.13-14.36.23:242][ 57]LogModuleManager: Shutting down and abandoning module Android_DXTTargetPlatform (32)
[2017.07.13-14.36.23:242][ 57]LogModuleManager: Shutting down and abandoning module Android_ATCTargetPlatform (31)
[2017.07.13-14.36.23:242][ 57]LogModuleManager: Shutting down and abandoning module Android_ASTCTargetPlatform (30)
[2017.07.13-14.36.23:242][ 57]LogModuleManager: Shutting down and abandoning module AndroidTargetPlatform (29)
[2017.07.13-14.36.23:242][ 57]LogModuleManager: Shutting down and abandoning module WindowsTargetPlatform (28)
[2017.07.13-14.36.23:242][ 57]LogModuleManager: Shutting down and abandoning module WindowsServerTargetPlatform (27)
[2017.07.13-14.36.23:242][ 57]LogModuleManager: Shutting down and abandoning module WindowsNoEditorTargetPlatform (26)
[2017.07.13-14.36.23:242][ 57]LogModuleManager: Shutting down and abandoning module WindowsClientTargetPlatform (25)
[2017.07.13-14.36.23:242][ 57]LogModuleManager: Shutting down and abandoning module AllDesktopTargetPlatform (24)
[2017.07.13-14.36.23:242][ 57]LogModuleManager: Shutting down and abandoning module TargetPlatform (23)
[2017.07.13-14.36.23:242][ 57]LogModuleManager: Shutting down and abandoning module InputCore (22)
[2017.07.13-14.36.23:242][ 57]LogModuleManager: Shutting down and abandoning module Settings (21)
[2017.07.13-14.36.23:242][ 57]LogModuleManager: Shutting down and abandoning module OnlineSubsystem (19)
[2017.07.13-14.36.23:242][ 57]LogModuleManager: Shutting down and abandoning module HTTP (18)
[2017.07.13-14.36.26:242][ 57]LogModuleManager: Shutting down and abandoning module XMPP (17)
[2017.07.13-14.36.26:242][ 57]LogModuleManager: Shutting down and abandoning module OculusRift (16)
[2017.07.13-14.36.26:242][ 57]LogModuleManager: Shutting down and abandoning module ExampleDeviceProfileSelector (15)
[2017.07.13-14.36.26:242][ 57]LogModuleManager: Shutting down and abandoning module TextureCompressor (14)
[2017.07.13-14.36.26:242][ 57]LogModuleManager: Shutting down and abandoning module ShaderCore (13)
[2017.07.13-14.36.26:242][ 57]LogModuleManager: Shutting down and abandoning module Landscape (12)
[2017.07.13-14.36.26:242][ 57]LogModuleManager: Shutting down and abandoning module SlateRHIRenderer (11)
[2017.07.13-14.36.26:243][ 57]LogModuleManager: Shutting down and abandoning module OpenGLDrv (10)
[2017.07.13-14.36.26:243][ 57]LogModuleManager: Shutting down and abandoning module D3D11RHI (9)
[2017.07.13-14.36.26:243][ 57]LogModuleManager: Shutting down and abandoning module AnimGraphRuntime (8)
[2017.07.13-14.36.26:243][ 57]LogModuleManager: Shutting down and abandoning module Renderer (7)
[2017.07.13-14.36.26:243][ 57]LogModuleManager: Shutting down and abandoning module Engine (6)
[2017.07.13-14.36.26:243][ 57]LogModuleManager: Shutting down and abandoning module CoreUObject (5)
[2017.07.13-14.36.26:243][ 57]LogModuleManager: Shutting down and abandoning module NetworkFile (4)
[2017.07.13-14.36.26:243][ 57]LogModuleManager: Shutting down and abandoning module StreamingFile (3)
[2017.07.13-14.36.26:243][ 57]LogModuleManager: Shutting down and abandoning module SandboxFile (2)
[2017.07.13-14.36.26:243][ 57]LogModuleManager: Shutting down and abandoning module PakFile (1)
[2017.07.13-14.36.26:244][ 57]LogExit: Exiting.
[2017.07.13-14.36.26:251][ 57]Log file closed, 07/13/17 23:36:26
